d:\mega\facultate\sem. ii\oop\privatetheories\x64\debug\evidenceimageviewerdelegate.obj
d:\mega\facultate\sem. ii\oop\privatetheories\x64\debug\standardclearancetablemodel.obj
d:\mega\facultate\sem. ii\oop\privatetheories\x64\debug\filerepository.obj
d:\mega\facultate\sem. ii\oop\privatetheories\x64\debug\main.obj
d:\mega\facultate\sem. ii\oop\privatetheories\x64\debug\addaction.obj
d:\mega\facultate\sem. ii\oop\privatetheories\x64\debug\inmemoryrepository.obj
d:\mega\facultate\sem. ii\oop\privatetheories\x64\debug\standardclearancecontroller.obj
d:\mega\facultate\sem. ii\oop\privatetheories\x64\debug\userlistwindow.obj
d:\mega\facultate\sem. ii\oop\privatetheories\x64\debug\gui.obj
d:\mega\facultate\sem. ii\oop\privatetheories\x64\debug\evidence.obj
d:\mega\facultate\sem. ii\oop\privatetheories\x64\debug\removeaction.obj
d:\mega\facultate\sem. ii\oop\privatetheories\x64\debug\simpleevidencevalidator.obj
d:\mega\facultate\sem. ii\oop\privatetheories\x64\debug\ui.obj
d:\mega\facultate\sem. ii\oop\privatetheories\x64\debug\htmlrepository.obj
d:\mega\facultate\sem. ii\oop\privatetheories\x64\debug\reportinghook.obj
d:\mega\facultate\sem. ii\oop\privatetheories\x64\debug\selectrepositorydialog.obj
d:\mega\facultate\sem. ii\oop\privatetheories\x64\debug\databaserepository.obj
d:\mega\facultate\sem. ii\oop\privatetheories\x64\debug\seniorclearancecontroller.obj
d:\mega\facultate\sem. ii\oop\privatetheories\x64\debug\updateaction.obj
d:\mega\facultate\sem. ii\oop\privatetheories\x64\debug\htmlio.obj
d:\mega\facultate\sem. ii\oop\privatetheories\x64\debug\keyboardshortcutfilter.obj
d:\mega\facultate\sem. ii\oop\privatetheories\x64\debug\vc142.pdb
d:\mega\facultate\sem. ii\oop\privatetheories\x64\debug\qrc_gui.obj
d:\mega\facultate\sem. ii\oop\privatetheories\x64\debug\moc_evidenceimageviewerdelegate.obj
d:\mega\facultate\sem. ii\oop\privatetheories\x64\debug\moc_gui.obj
d:\mega\facultate\sem. ii\oop\privatetheories\x64\debug\moc_userlistwindow.obj
d:\mega\facultate\sem. ii\oop\privatetheories\x64\debug\moc_keyboardshortcutfilter.obj
d:\mega\facultate\sem. ii\oop\privatetheories\x64\debug\settings.ini
d:\mega\facultate\sem. ii\oop\privatetheories\x64\debug\privatetheories.exe
d:\mega\facultate\sem. ii\oop\privatetheories\x64\debug\privatetheories.ilk
d:\mega\facultate\sem. ii\oop\privatetheories\x64\debug\privatetheories.pdb
d:\mega\facultate\sem. ii\oop\privatetheories\x64\debug\moc\moc_evidenceimageviewerdelegate.cpp
d:\mega\facultate\sem. ii\oop\privatetheories\x64\debug\moc\moc_keyboardshortcutfilter.cpp
d:\mega\facultate\sem. ii\oop\privatetheories\x64\debug\moc\moc_gui.cpp
d:\mega\facultate\sem. ii\oop\privatetheories\x64\debug\moc\moc_userlistwindow.cpp
d:\mega\facultate\sem. ii\oop\privatetheories\x64\debug\uic\ui_gui.h
d:\mega\facultate\sem. ii\oop\privatetheories\x64\debug\uic\ui_userlistwindow.h
d:\mega\facultate\sem. ii\oop\privatetheories\x64\debug\rcc\qrc_gui.cpp
d:\mega\facultate\sem. ii\oop\privatetheories\x64\debug\vcpkg.applocal.log
d:\mega\facultate\sem. ii\oop\privatetheories\x64\debug\moc_standardclearancetablemodel.obj
d:\mega\facultate\sem. ii\oop\privatetheories\x64\debug\moc_ui.obj
d:\mega\facultate\sem. ii\oop\privatetheories\x64\debug\privatetheories.tlog\cl.command.1.tlog
d:\mega\facultate\sem. ii\oop\privatetheories\x64\debug\privatetheories.tlog\cl.read.1.tlog
d:\mega\facultate\sem. ii\oop\privatetheories\x64\debug\privatetheories.tlog\cl.write.1.tlog
d:\mega\facultate\sem. ii\oop\privatetheories\x64\debug\privatetheories.tlog\copyfile.command.1.tlog
d:\mega\facultate\sem. ii\oop\privatetheories\x64\debug\privatetheories.tlog\copyfile.read.1.tlog
d:\mega\facultate\sem. ii\oop\privatetheories\x64\debug\privatetheories.tlog\copyfile.write.1.tlog
d:\mega\facultate\sem. ii\oop\privatetheories\x64\debug\privatetheories.tlog\link.command.1.tlog
d:\mega\facultate\sem. ii\oop\privatetheories\x64\debug\privatetheories.tlog\link.read.1.tlog
d:\mega\facultate\sem. ii\oop\privatetheories\x64\debug\privatetheories.tlog\link.write.1.tlog
d:\mega\facultate\sem. ii\oop\privatetheories\x64\debug\privatetheories.tlog\moc.read.1u.tlog
d:\mega\facultate\sem. ii\oop\privatetheories\x64\debug\privatetheories.tlog\moc.write.1u.tlog
d:\mega\facultate\sem. ii\oop\privatetheories\x64\debug\privatetheories.tlog\privatetheories.write.1u.tlog
d:\mega\facultate\sem. ii\oop\privatetheories\x64\debug\privatetheories.tlog\rcc.read.1u.tlog
d:\mega\facultate\sem. ii\oop\privatetheories\x64\debug\privatetheories.tlog\rcc.write.1u.tlog
d:\mega\facultate\sem. ii\oop\privatetheories\x64\debug\privatetheories.tlog\uic.read.1u.tlog
d:\mega\facultate\sem. ii\oop\privatetheories\x64\debug\privatetheories.tlog\uic.write.1u.tlog
